2023-11-12T19:00:19.855-03:00  INFO 8972 --- [main] b.u.c.tapw.pilacoin.PilacoinApplication  : Starting PilacoinApplication using Java 21.0.1 with PID 8972 (C:\Topicos\Trabalho\pilacoin\build\classes\java\main started by augus in C:\Topicos\Trabalho\pilacoin)
2023-11-12T19:00:19.857-03:00  INFO 8972 --- [main] b.u.c.tapw.pilacoin.PilacoinApplication  : No active profile set, falling back to 1 default profile: "default"
2023-11-12T19:00:20.771-03:00  INFO 8972 --- [main] .s.d.r.c.RepositoryConfigurationDelegate : Bootstrapping Spring Data JPA repositories in DEFAULT mode.
2023-11-12T19:00:20.802-03:00  INFO 8972 --- [main] .s.d.r.c.RepositoryConfigurationDelegate : Finished Spring Data repository scanning in 18 ms. Found 0 JPA repository interfaces.
2023-11-12T19:00:21.734-03:00  INFO 8972 --- [main] o.s.b.w.embedded.tomcat.TomcatWebServer  : Tomcat initialized with port(s): 8080 (http)
2023-11-12T19:00:21.748-03:00  INFO 8972 --- [main] o.apache.catalina.core.StandardService   : Starting service [Tomcat]
2023-11-12T19:00:21.749-03:00  INFO 8972 --- [main] o.apache.catalina.core.StandardEngine    : Starting Servlet engine: [Apache Tomcat/10.1.15]
2023-11-12T19:00:21.878-03:00  INFO 8972 --- [main] o.a.c.c.C.[Tomcat].[localhost].[/]       : Initializing Spring embedded WebApplicationContext
2023-11-12T19:00:21.879-03:00  INFO 8972 --- [main] w.s.c.ServletWebServerApplicationContext : Root WebApplicationContext: initialization completed in 1958 ms
2023-11-12T19:00:22.122-03:00  INFO 8972 --- [main] com.zaxxer.hikari.HikariDataSource       : HikariPool-1 - Starting...
2023-11-12T19:00:22.488-03:00  INFO 8972 --- [main] com.zaxxer.hikari.pool.PoolBase          : HikariPool-1 - Driver does not support get/set network timeout for connections. (feature not supported)
2023-11-12T19:00:22.489-03:00  INFO 8972 --- [main] com.zaxxer.hikari.pool.HikariPool        : HikariPool-1 - Added connection org.hsqldb.jdbc.JDBCConnection@68b7d0ef
2023-11-12T19:00:22.491-03:00  INFO 8972 --- [main] com.zaxxer.hikari.HikariDataSource       : HikariPool-1 - Start completed.
2023-11-12T19:00:22.550-03:00  INFO 8972 --- [main] o.hibernate.jpa.internal.util.LogHelper  : HHH000204: Processing PersistenceUnitInfo [name: default]
2023-11-12T19:00:22.619-03:00  INFO 8972 --- [main] org.hibernate.Version                    : HHH000412: Hibernate ORM core version 6.2.13.Final
2023-11-12T19:00:22.622-03:00  INFO 8972 --- [main] org.hibernate.cfg.Environment            : HHH000406: Using bytecode reflection optimizer
2023-11-12T19:00:23.100-03:00  INFO 8972 --- [main] o.s.o.j.p.SpringPersistenceUnitInfo      : No LoadTimeWeaver setup: ignoring JPA class transformer
2023-11-12T19:00:23.505-03:00  INFO 8972 --- [main] o.h.e.t.j.p.i.JtaPlatformInitiator       : HHH000489: No JTA platform available (set 'hibernate.transaction.jta.platform' to enable JTA platform integration)
2023-11-12T19:00:23.512-03:00  INFO 8972 --- [main] j.LocalContainerEntityManagerFactoryBean : Initialized JPA EntityManagerFactory for persistence unit 'default'
2023-11-12T19:00:23.565-03:00  WARN 8972 --- [main] JpaBaseConfiguration$JpaWebConfiguration : spring.jpa.open-in-view is enabled by default. Therefore, database queries may be performed during view rendering. Explicitly configure spring.jpa.open-in-view to disable this warning
2023-11-12T19:00:24.254-03:00  WARN 8972 --- [main] .s.s.UserDetailsServiceAutoConfiguration : 

Using generated security password: 1dd77882-5e1a-4554-8f01-bab9326dcf47

This generated password is for development use only. Your security configuration must be updated before running your application in production.

2023-11-12T19:00:24.423-03:00  INFO 8972 --- [main] o.s.s.web.DefaultSecurityFilterChain     : Will secure any request with [org.springframework.security.web.session.DisableEncodeUrlFilter@782dc5, org.springframework.security.web.context.request.async.WebAsyncManagerIntegrationFilter@35f22eef, org.springframework.security.web.context.SecurityContextHolderFilter@41abee65, org.springframework.security.web.header.HeaderWriterFilter@77db231c, org.springframework.security.web.csrf.CsrfFilter@78ea700f, org.springframework.security.web.authentication.logout.LogoutFilter@4c0930c4, org.springframework.security.web.authentication.UsernamePasswordAuthenticationFilter@6e617c0e, org.springframework.security.web.authentication.ui.DefaultLoginPageGeneratingFilter@5e34a84b, org.springframework.security.web.authentication.ui.DefaultLogoutPageGeneratingFilter@5d20195b, org.springframework.security.web.authentication.www.BasicAuthenticationFilter@4a9ff419, org.springframework.security.web.savedrequest.RequestCacheAwareFilter@297dff3a, org.springframework.security.web.servletapi.SecurityContextHolderAwareRequestFilter@30ed2a26, org.springframework.security.web.authentication.AnonymousAuthenticationFilter@2674ca88, org.springframework.security.web.access.ExceptionTranslationFilter@2435c6ae, org.springframework.security.web.access.intercept.AuthorizationFilter@2e9dcdd3]
2023-11-12T19:00:24.503-03:00  WARN 8972 --- [main] ocalVariableTableParameterNameDiscoverer : Using deprecated '-debug' fallback for parameter name resolution. Compile the affected code with '-parameters' instead or avoid its introspection: org.springframework.amqp.rabbit.core.RabbitAdmin
2023-11-12T19:00:24.583-03:00  INFO 8972 --- [main] o.s.b.w.embedded.tomcat.TomcatWebServer  : Tomcat started on port(s): 8080 (http) with context path ''
2023-11-12T19:00:24.588-03:00  INFO 8972 --- [main] o.s.a.r.c.CachingConnectionFactory       : Attempting to connect to: [srv-ceesp.proj.ufsm.br:8082]
2023-11-12T19:00:24.811-03:00  INFO 8972 --- [main] o.s.a.r.c.CachingConnectionFactory       : Created new connection: rabbitConnectionFactory#6dcee890:0/SimpleConnection@2b561f51 [delegate=amqp://guest@200.18.45.228:8082/, localPort=60697]
2023-11-12T19:00:25.028-03:00  INFO 8972 --- [main] b.u.c.tapw.pilacoin.PilacoinApplication  : Started PilacoinApplication in 5.683 seconds (process running for 6.429)
2023-11-12T19:00:25.101-03:00  INFO 8972 --- [org.springframework.amqp.rabbit.RabbitListenerEndpointContainer#0-1] b.u.c.t.p.service.DificuldadeService     : A dificuldade foi atualizada: Dificuldade(dificuldade=110427941548649020598956093796432407239217743554726184882600387580788735, inicio=Sun Nov 12 11:15:48 BRT 2023, validadeFinal=Mon Nov 13 11:15:48 BRT 2023)
2023-11-12T19:00:25.102-03:00  INFO 8972 --- [org.springframework.amqp.rabbit.RabbitListenerEndpointContainer#0-1] b.u.c.t.p.listener.DificuldadeListener   : Mensagem de dificuldade processada com sucesso.
2023-11-12T19:00:27.625-03:00  INFO 8972 --- [org.springframework.amqp.rabbit.RabbitListenerEndpointContainer#0-1] b.u.c.t.p.service.DificuldadeService     : A dificuldade não foi alterada.
2023-11-12T19:00:27.625-03:00  INFO 8972 --- [org.springframework.amqp.rabbit.RabbitListenerEndpointContainer#0-1] b.u.c.t.p.listener.DificuldadeListener   : Mensagem de dificuldade processada com sucesso.
2023-11-12T19:00:37.624-03:00  INFO 8972 --- [org.springframework.amqp.rabbit.RabbitListenerEndpointContainer#0-1] b.u.c.t.p.service.DificuldadeService     : A dificuldade não foi alterada.
2023-11-12T19:00:37.625-03:00  INFO 8972 --- [org.springframework.amqp.rabbit.RabbitListenerEndpointContainer#0-1] b.u.c.t.p.listener.DificuldadeListener   : Mensagem de dificuldade processada com sucesso.
2023-11-12T19:00:47.624-03:00  INFO 8972 --- [org.springframework.amqp.rabbit.RabbitListenerEndpointContainer#0-1] b.u.c.t.p.service.DificuldadeService     : A dificuldade não foi alterada.
2023-11-12T19:00:47.624-03:00  INFO 8972 --- [org.springframework.amqp.rabbit.RabbitListenerEndpointContainer#0-1] b.u.c.t.p.listener.DificuldadeListener   : Mensagem de dificuldade processada com sucesso.
2023-11-12T19:00:57.623-03:00  INFO 8972 --- [org.springframework.amqp.rabbit.RabbitListenerEndpointContainer#0-1] b.u.c.t.p.service.DificuldadeService     : A dificuldade não foi alterada.
2023-11-12T19:00:57.623-03:00  INFO 8972 --- [org.springframework.amqp.rabbit.RabbitListenerEndpointContainer#0-1] b.u.c.t.p.listener.DificuldadeListener   : Mensagem de dificuldade processada com sucesso.
2023-11-12T19:01:07.623-03:00  INFO 8972 --- [org.springframework.amqp.rabbit.RabbitListenerEndpointContainer#0-1] b.u.c.t.p.service.DificuldadeService     : A dificuldade não foi alterada.
2023-11-12T19:01:07.623-03:00  INFO 8972 --- [org.springframework.amqp.rabbit.RabbitListenerEndpointContainer#0-1] b.u.c.t.p.listener.DificuldadeListener   : Mensagem de dificuldade processada com sucesso.
2023-11-12T19:01:17.623-03:00  INFO 8972 --- [org.springframework.amqp.rabbit.RabbitListenerEndpointContainer#0-1] b.u.c.t.p.service.DificuldadeService     : A dificuldade não foi alterada.
2023-11-12T19:01:17.623-03:00  INFO 8972 --- [org.springframework.amqp.rabbit.RabbitListenerEndpointContainer#0-1] b.u.c.t.p.listener.DificuldadeListener   : Mensagem de dificuldade processada com sucesso.
2023-11-12T19:01:27.020-03:00  INFO 8972 --- [org.springframework.amqp.rabbit.RabbitListenerEndpointContainer#0-2] o.s.a.r.l.SimpleMessageListenerContainer : Waiting for workers to finish.
2023-11-12T19:01:27.755-03:00  INFO 8972 --- [org.springframework.amqp.rabbit.RabbitListenerEndpointContainer#0-2] o.s.a.r.l.SimpleMessageListenerContainer : Successfully waited for workers to finish.
2023-11-12T19:01:27.814-03:00  INFO 8972 --- [SpringApplicationShutdownHook] j.LocalContainerEntityManagerFactoryBean : Closing JPA EntityManagerFactory for persistence unit 'default'
2023-11-12T19:01:27.815-03:00  INFO 8972 --- [SpringApplicationShutdownHook] com.zaxxer.hikari.HikariDataSource       : HikariPool-1 - Shutdown initiated...
2023-11-12T19:01:27.817-03:00  INFO 8972 --- [SpringApplicationShutdownHook] com.zaxxer.hikari.HikariDataSource       : HikariPool-1 - Shutdown completed.
